<?xml version="1.0" encoding="UTF-8"?>
<testng-results ignored="0" total="1" passed="1" failed="0" skipped="0">
  <reporter-output>
  </reporter-output>
  <suite started-at="2026-08-12T19:18:09 IST" name="Default suite" finished-at="2026-08-12T19:18:30 IST" duration-ms="21379">
    <groups>
    </groups>
    <test started-at="2026-08-12T19:18:09 IST" name="Default test" finished-at="2026-08-12T19:18:30 IST" duration-ms="21379">
      <class name="com.Locators.CaseStudy.Locators">
        <test-method signature="LocatorsPracticalDemo()[pri:0, instance:com.Locators.CaseStudy.Locators@7f485fda]" started-at="2026-08-12T19:18:09 IST" name="LocatorsPracticalDemo" finished-at="2026-08-12T19:18:30 IST" duration-ms="20598" status="PASS">
          <reporter-output>
          </reporter-output>
        </test-method> <!-- LocatorsPracticalDemo -->
      </class> <!-- com.Locators.CaseStudy.Locators -->
    </test> <!-- Default test -->
  </suite> <!-- Default suite -->
</testng-results>
